<html>
<head>
<title>TestNG:  Default test</title>
<link href="../testng.css" rel="stylesheet" type="text/css" />
<link href="../my-testng.css" rel="stylesheet" type="text/css" />

<style type="text/css">
.log { display: none;} 
.stack-trace { display: none;} 
</style>
<script type="text/javascript">
<!--
function flip(e) {
  current = e.style.display;
  if (current == 'block') {
    e.style.display = 'none';
    return 0;
  }
  else {
    e.style.display = 'block';
    return 1;
  }
}

function toggleBox(szDivId, elem, msg1, msg2)
{
  var res = -1;  if (document.getElementById) {
    res = flip(document.getElementById(szDivId));
  }
  else if (document.all) {
    // this is the way old msie versions work
    res = flip(document.all[szDivId]);
  }
  if(elem) {
    if(res == 0) elem.innerHTML = msg1; else elem.innerHTML = msg2;
  }

}

function toggleAllBoxes() {
  if (document.getElementsByTagName) {
    d = document.getElementsByTagName('div');
    for (i = 0; i < d.length; i++) {
      if (d[i].className == 'log') {
        flip(d[i]);
      }
    }
  }
}

// -->
</script>

</head>
<body>
<h2 align='center'>Default test</h2><table border='1' align="center">
<tr>
<td>Tests passed/Failed/Skipped:</td><td>0/1/0</td>
</tr><tr>
<td>Started on:</td><td>Thu Aug 17 21:39:46 CDT 2023</td>
</tr>
<tr><td>Total time:</td><td>52 seconds (52796 ms)</td>
</tr><tr>
<td>Included groups:</td><td></td>
</tr><tr>
<td>Excluded groups:</td><td></td>
</tr>
</table><p/>
<small><i>(Hover the method name to see the test class name)</i></small><p/>
<table width='100%' border='1' class='invocation-failed'>
<tr><td colspan='4' align='center'><b>FAILED TESTS</b></td></tr>
<tr><td><b>Test method</b></td>
<td><b>Attribute(s)</b></td>
<td width="30%"><b>Exception</b></td>
<td width="10%"><b>Time (seconds)</b></td>
<td><b>Instance</b></td>
</tr>
<tr>
<td title='com.qa.corporate.tests.ContactPageTest.testContactUsPage()'><b>testContactUsPage</b><br>Test class: com.qa.corporate.tests.ContactPageTest</td>
<td><div><pre>com.microsoft.playwright.PlaywrightException: Error {
  message=&apos;Error: Element is not a &lt;select&gt; element
=========================== logs ===========================
waiting for locator(&quot;input[name=&apos;your-tel&apos;]&quot;)
  locator resolved to &lt;input value=&quot;&quot; size=&quot;40&quot; type=&quot;text&quot; name=&quot;your-tel&quot; a…/&gt;
  selecting specified option(s)
  Element is not a &lt;select&gt; element
============================================================
  name=&apos;Error
  stack=&apos;Error: Error: Element is not a &lt;select&gt; element
=========================== logs ===========================
waiting for locator(&quot;input[name=&apos;your-tel&apos;]&quot;)
  locator resolved to &lt;input value=&quot;&quot; size=&quot;40&quot; type=&quot;text&quot; name=&quot;your-tel&quot; a…/&gt;
  selecting specified option(s)
  Element is not a &lt;select&gt; element
============================================================
    at CRExecutionContext.evaluateWithArguments (C:\Users\Sgupta\AppData\Local\Temp\playwright-java-3038636973997492784\package\lib\server\chromium\crExecutionContext.js:92:33)
    at async ScopedRace._race (C:\Users\Sgupta\AppData\Local\Temp\playwright-java-3038636973997492784\package\lib\utils\manualPromise.js:84:14)
    at async evaluateExpression (C:\Users\Sgupta\AppData\Local\Temp\playwright-java-3038636973997492784\package\lib\server\javascript.js:241:12)
    at async InjectedScriptPollHandler.finish (C:\Users\Sgupta\AppData\Local\Temp\playwright-java-3038636973997492784\package\lib\server\dom.js:790:22)
    at async ElementHandle.evaluatePoll (C:\Users\Sgupta\AppData\Local\Temp\playwright-java-3038636973997492784\package\lib\server\dom.js:144:14)
    at async C:\Users\Sgupta\AppData\Local\Temp\playwright-java-3038636973997492784\package\lib\server\dom.js:461:22
    at async FrameManager.waitForSignalsCreatedBy (C:\Users\Sgupta\AppData\Local\Temp\playwright-java-3038636973997492784\package\lib\server\frames.js:116:20)
    at async C:\Users\Sgupta\AppData\Local\Temp\playwright-java-3038636973997492784\package\lib\server\frames.js:984:24
    at async Frame.retryWithProgressAndTimeouts (C:\Users\Sgupta\AppData\Local\Temp\playwright-java-3038636973997492784\package\lib\server\frames.js:920:24)
    at async C:\Users\Sgupta\AppData\Local\Temp\playwright-java-3038636973997492784\package\lib\server\frames.js:1161:14
}
	at com.microsoft.playwright.impl.WaitableResult.get(WaitableResult.java:54)
	at com.microsoft.playwright.impl.ChannelOwner.runUntil(ChannelOwner.java:111)
	at com.microsoft.playwright.impl.Connection.sendMessage(Connection.java:126)
	at com.microsoft.playwright.impl.ChannelOwner.sendMessage(ChannelOwner.java:102)
	at com.microsoft.playwright.impl.FrameImpl.selectOption(FrameImpl.java:722)
	at com.microsoft.playwright.impl.FrameImpl.selectOptionImpl(FrameImpl.java:701)
	at com.microsoft.playwright.impl.PageImpl.lambda$selectOption$66(PageImpl.java:1056)
	at com.microsoft.playwright.impl.LoggingSupport.withLogging(LoggingSupport.java:47)
	at com.microsoft.playwright.impl.ChannelOwner.withLogging(ChannelOwner.java:87)
	at com.microsoft.playwright.impl.PageImpl.selectOption(PageImpl.java:1055)
	at com.microsoft.playwright.impl.PageImpl.selectOption(PageImpl.java:1044)
	at com.microsoft.playwright.Page.selectOption(Page.java:6275)
	at com.pramac.corporate.pages.ContactUs.submitCustomerDetails(ContactUs.java:54)
	at com.qa.corporate.tests.ContactPageTest.testContactUsPage(ContactPageTest.java:67)
	at java.base/jdk.internal.reflect.DirectMethodHandleAccessor.invoke(DirectMethodHandleAccessor.java:104)
	at java.base/java.lang.reflect.Method.invoke(Method.java:578)
	at org.testng.internal.invokers.MethodInvocationHelper.invokeMethod(MethodInvocationHelper.java:139)
	at org.testng.internal.invokers.TestInvoker.invokeMethod(TestInvoker.java:664)
	at org.testng.internal.invokers.TestInvoker.invokeTestMethod(TestInvoker.java:227)
	at org.testng.internal.invokers.MethodRunner.runInSequence(MethodRunner.java:50)
	at org.testng.internal.invokers.TestInvoker$MethodInvocationAgent.invoke(TestInvoker.java:957)
	at org.testng.internal.invokers.TestInvoker.invokeTestMethods(TestInvoker.java:200)
	at org.testng.internal.invokers.TestMethodWorker.invokeTestMethods(TestMethodWorker.java:148)
	at org.testng.internal.invokers.TestMethodWorker.run(TestMethodWorker.java:128)
	at java.base/java.util.ArrayList.forEach(ArrayList.java:1511)
	at org.testng.TestRunner.privateRun(TestRunner.java:848)
	at org.testng.TestRunner.run(TestRunner.java:621)
	at org.testng.SuiteRunner.runTest(SuiteRunner.java:443)
	at org.testng.SuiteRunner.runSequentially(SuiteRunner.java:437)
	at org.testng.SuiteRunner.privateRun(SuiteRunner.java:397)
	at org.testng.SuiteRunner.run(SuiteRunner.java:336)
	at org.testng.SuiteRunnerWorker.runSuite(SuiteRunnerWorker.java:52)
	at org.testng.SuiteRunnerWorker.run(SuiteRunnerWorker.java:95)
	at org.testng.TestNG.runSuitesSequentially(TestNG.java:1280)
	at org.testng.TestNG.runSuitesLocally(TestNG.java:1200)
	at org.testng.TestNG.runSuites(TestNG.java:1114)
	at org.testng.TestNG.run(TestNG.java:1082)
	at org.testng.remote.AbstractRemoteTestNG.run(AbstractRemoteTestNG.java:115)
	at org.testng.remote.RemoteTestNG.initAndRun(RemoteTestNG.java:251)
	at org.testng.remote.RemoteTestNG.main(RemoteTestNG.java:77)
Caused by: com.microsoft.playwright.impl.DriverException: Error {
  message=&apos;Error: Element is not a &lt;select&gt; element
=========================== logs ===========================
waiting for locator(&quot;input[name=&apos;your-tel&apos;]&quot;)
  locator resolved to &lt;input value=&quot;&quot; size=&quot;40&quot; type=&quot;text&quot; name=&quot;your-tel&quot; a…/&gt;
  selecting specified option(s)
  Element is not a &lt;select&gt; element
============================================================
  name=&apos;Error
  stack=&apos;Error: Error: Element is not a &lt;select&gt; element
=========================== logs ===========================
waiting for locator(&quot;input[name=&apos;your-tel&apos;]&quot;)
  locator resolved to &lt;input value=&quot;&quot; size=&quot;40&quot; type=&quot;text&quot; name=&quot;your-tel&quot; a…/&gt;
  selecting specified option(s)
  Element is not a &lt;select&gt; element
============================================================
    at CRExecutionContext.evaluateWithArguments (C:\Users\Sgupta\AppData\Local\Temp\playwright-java-3038636973997492784\package\lib\server\chromium\crExecutionContext.js:92:33)
    at async ScopedRace._race (C:\Users\Sgupta\AppData\Local\Temp\playwright-java-3038636973997492784\package\lib\utils\manualPromise.js:84:14)
    at async evaluateExpression (C:\Users\Sgupta\AppData\Local\Temp\playwright-java-3038636973997492784\package\lib\server\javascript.js:241:12)
    at async InjectedScriptPollHandler.finish (C:\Users\Sgupta\AppData\Local\Temp\playwright-java-3038636973997492784\package\lib\server\dom.js:790:22)
    at async ElementHandle.evaluatePoll (C:\Users\Sgupta\AppData\Local\Temp\playwright-java-3038636973997492784\package\lib\server\dom.js:144:14)
    at async C:\Users\Sgupta\AppData\Local\Temp\playwright-java-3038636973997492784\package\lib\server\dom.js:461:22
    at async FrameManager.waitForSignalsCreatedBy (C:\Users\Sgupta\AppData\Local\Temp\playwright-java-3038636973997492784\package\lib\server\frames.js:116:20)
    at async C:\Users\Sgupta\AppData\Local\Temp\playwright-java-3038636973997492784\package\lib\server\frames.js:984:24
    at async Frame.retryWithProgressAndTimeouts (C:\Users\Sgupta\AppData\Local\Temp\playwright-java-3038636973997492784\package\lib\server\frames.js:920:24)
    at async C:\Users\Sgupta\AppData\Local\Temp\playwright-java-3038636973997492784\package\lib\server\frames.js:1161:14
}
	at com.microsoft.playwright.impl.Connection.dispatch(Connection.java:226)
	at com.microsoft.playwright.impl.Connection.processOneMessage(Connection.java:206)
	at com.microsoft.playwright.impl.ChannelOwner.runUntil(ChannelOwner.java:109)
	... 38 more
</pre></div><a href='#' onClick='toggleBox("stack-trace2117099736", this, "Click to show all stack frames", "Click to hide stack frames")'>Click to show all stack frames</a>
<div class='stack-trace' id='stack-trace2117099736'><pre>com.microsoft.playwright.PlaywrightException: Error {
  message=&apos;Error: Element is not a &lt;select&gt; element
=========================== logs ===========================
waiting for locator(&quot;input[name=&apos;your-tel&apos;]&quot;)
  locator resolved to &lt;input value=&quot;&quot; size=&quot;40&quot; type=&quot;text&quot; name=&quot;your-tel&quot; a…/&gt;
  selecting specified option(s)
  Element is not a &lt;select&gt; element
============================================================
  name=&apos;Error
  stack=&apos;Error: Error: Element is not a &lt;select&gt; element
=========================== logs ===========================
waiting for locator(&quot;input[name=&apos;your-tel&apos;]&quot;)
  locator resolved to &lt;input value=&quot;&quot; size=&quot;40&quot; type=&quot;text&quot; name=&quot;your-tel&quot; a…/&gt;
  selecting specified option(s)
  Element is not a &lt;select&gt; element
============================================================
    at CRExecutionContext.evaluateWithArguments (C:\Users\Sgupta\AppData\Local\Temp\playwright-java-3038636973997492784\package\lib\server\chromium\crExecutionContext.js:92:33)
    at async ScopedRace._race (C:\Users\Sgupta\AppData\Local\Temp\playwright-java-3038636973997492784\package\lib\utils\manualPromise.js:84:14)
    at async evaluateExpression (C:\Users\Sgupta\AppData\Local\Temp\playwright-java-3038636973997492784\package\lib\server\javascript.js:241:12)
    at async InjectedScriptPollHandler.finish (C:\Users\Sgupta\AppData\Local\Temp\playwright-java-3038636973997492784\package\lib\server\dom.js:790:22)
    at async ElementHandle.evaluatePoll (C:\Users\Sgupta\AppData\Local\Temp\playwright-java-3038636973997492784\package\lib\server\dom.js:144:14)
    at async C:\Users\Sgupta\AppData\Local\Temp\playwright-java-3038636973997492784\package\lib\server\dom.js:461:22
    at async FrameManager.waitForSignalsCreatedBy (C:\Users\Sgupta\AppData\Local\Temp\playwright-java-3038636973997492784\package\lib\server\frames.js:116:20)
    at async C:\Users\Sgupta\AppData\Local\Temp\playwright-java-3038636973997492784\package\lib\server\frames.js:984:24
    at async Frame.retryWithProgressAndTimeouts (C:\Users\Sgupta\AppData\Local\Temp\playwright-java-3038636973997492784\package\lib\server\frames.js:920:24)
    at async C:\Users\Sgupta\AppData\Local\Temp\playwright-java-3038636973997492784\package\lib\server\frames.js:1161:14
}
	at com.microsoft.playwright.impl.WaitableResult.get(WaitableResult.java:54)
	at com.microsoft.playwright.impl.ChannelOwner.runUntil(ChannelOwner.java:111)
	at com.microsoft.playwright.impl.Connection.sendMessage(Connection.java:126)
	at com.microsoft.playwright.impl.ChannelOwner.sendMessage(ChannelOwner.java:102)
	at com.microsoft.playwright.impl.FrameImpl.selectOption(FrameImpl.java:722)
	at com.microsoft.playwright.impl.FrameImpl.selectOptionImpl(FrameImpl.java:701)
	at com.microsoft.playwright.impl.PageImpl.lambda$selectOption$66(PageImpl.java:1056)
	at com.microsoft.playwright.impl.LoggingSupport.withLogging(LoggingSupport.java:47)
	at com.microsoft.playwright.impl.ChannelOwner.withLogging(ChannelOwner.java:87)
	at com.microsoft.playwright.impl.PageImpl.selectOption(PageImpl.java:1055)
	at com.microsoft.playwright.impl.PageImpl.selectOption(PageImpl.java:1044)
	at com.microsoft.playwright.Page.selectOption(Page.java:6275)
	at com.pramac.corporate.pages.ContactUs.submitCustomerDetails(ContactUs.java:54)
	at com.qa.corporate.tests.ContactPageTest.testContactUsPage(ContactPageTest.java:67)
	at java.base/jdk.internal.reflect.DirectMethodHandleAccessor.invoke(DirectMethodHandleAccessor.java:104)
	at java.base/java.lang.reflect.Method.invoke(Method.java:578)
	at org.testng.internal.invokers.MethodInvocationHelper.invokeMethod(MethodInvocationHelper.java:139)
	at org.testng.internal.invokers.TestInvoker.invokeMethod(TestInvoker.java:664)
	at org.testng.internal.invokers.TestInvoker.invokeTestMethod(TestInvoker.java:227)
	at org.testng.internal.invokers.MethodRunner.runInSequence(MethodRunner.java:50)
	at org.testng.internal.invokers.TestInvoker$MethodInvocationAgent.invoke(TestInvoker.java:957)
	at org.testng.internal.invokers.TestInvoker.invokeTestMethods(TestInvoker.java:200)
	at org.testng.internal.invokers.TestMethodWorker.invokeTestMethods(TestMethodWorker.java:148)
	at org.testng.internal.invokers.TestMethodWorker.run(TestMethodWorker.java:128)
	at java.base/java.util.ArrayList.forEach(ArrayList.java:1511)
	at org.testng.TestRunner.privateRun(TestRunner.java:848)
	at org.testng.TestRunner.run(TestRunner.java:621)
	at org.testng.SuiteRunner.runTest(SuiteRunner.java:443)
	at org.testng.SuiteRunner.runSequentially(SuiteRunner.java:437)
	at org.testng.SuiteRunner.privateRun(SuiteRunner.java:397)
	at org.testng.SuiteRunner.run(SuiteRunner.java:336)
	at org.testng.SuiteRunnerWorker.runSuite(SuiteRunnerWorker.java:52)
	at org.testng.SuiteRunnerWorker.run(SuiteRunnerWorker.java:95)
	at org.testng.TestNG.runSuitesSequentially(TestNG.java:1280)
	at org.testng.TestNG.runSuitesLocally(TestNG.java:1200)
	at org.testng.TestNG.runSuites(TestNG.java:1114)
	at org.testng.TestNG.run(TestNG.java:1082)
	at org.testng.remote.AbstractRemoteTestNG.run(AbstractRemoteTestNG.java:115)
	at org.testng.remote.RemoteTestNG.initAndRun(RemoteTestNG.java:251)
	at org.testng.remote.RemoteTestNG.main(RemoteTestNG.java:77)
Caused by: com.microsoft.playwright.impl.DriverException: Error {
  message=&apos;Error: Element is not a &lt;select&gt; element
=========================== logs ===========================
waiting for locator(&quot;input[name=&apos;your-tel&apos;]&quot;)
  locator resolved to &lt;input value=&quot;&quot; size=&quot;40&quot; type=&quot;text&quot; name=&quot;your-tel&quot; a…/&gt;
  selecting specified option(s)
  Element is not a &lt;select&gt; element
============================================================
  name=&apos;Error
  stack=&apos;Error: Error: Element is not a &lt;select&gt; element
=========================== logs ===========================
waiting for locator(&quot;input[name=&apos;your-tel&apos;]&quot;)
  locator resolved to &lt;input value=&quot;&quot; size=&quot;40&quot; type=&quot;text&quot; name=&quot;your-tel&quot; a…/&gt;
  selecting specified option(s)
  Element is not a &lt;select&gt; element
============================================================
    at CRExecutionContext.evaluateWithArguments (C:\Users\Sgupta\AppData\Local\Temp\playwright-java-3038636973997492784\package\lib\server\chromium\crExecutionContext.js:92:33)
    at async ScopedRace._race (C:\Users\Sgupta\AppData\Local\Temp\playwright-java-3038636973997492784\package\lib\utils\manualPromise.js:84:14)
    at async evaluateExpression (C:\Users\Sgupta\AppData\Local\Temp\playwright-java-3038636973997492784\package\lib\server\javascript.js:241:12)
    at async InjectedScriptPollHandler.finish (C:\Users\Sgupta\AppData\Local\Temp\playwright-java-3038636973997492784\package\lib\server\dom.js:790:22)
    at async ElementHandle.evaluatePoll (C:\Users\Sgupta\AppData\Local\Temp\playwright-java-3038636973997492784\package\lib\server\dom.js:144:14)
    at async C:\Users\Sgupta\AppData\Local\Temp\playwright-java-3038636973997492784\package\lib\server\dom.js:461:22
    at async FrameManager.waitForSignalsCreatedBy (C:\Users\Sgupta\AppData\Local\Temp\playwright-java-3038636973997492784\package\lib\server\frames.js:116:20)
    at async C:\Users\Sgupta\AppData\Local\Temp\playwright-java-3038636973997492784\package\lib\server\frames.js:984:24
    at async Frame.retryWithProgressAndTimeouts (C:\Users\Sgupta\AppData\Local\Temp\playwright-java-3038636973997492784\package\lib\server\frames.js:920:24)
    at async C:\Users\Sgupta\AppData\Local\Temp\playwright-java-3038636973997492784\package\lib\server\frames.js:1161:14
}
	at com.microsoft.playwright.impl.Connection.dispatch(Connection.java:226)
	at com.microsoft.playwright.impl.Connection.processOneMessage(Connection.java:206)
	at com.microsoft.playwright.impl.ChannelOwner.runUntil(ChannelOwner.java:109)
	... 38 more
</pre></div></td>
<td>10</td>
<td>com.qa.corporate.tests.ContactPageTest@52bf72b5</td></tr>
</table><p>
</body>
</html>