<?xml version="1.0" encoding="UTF-8"?>
<!-- Generated by org.testng.reporters.JUnitXMLReporter -->
<testsuite ignored="0" hostname="TPG-LAP-0006" failures="1" tests="1" name="Default test" time="52.796" errors="0" timestamp="2023-08-17T21:40:39 GMT-05:00">
  <testcase classname="com.qa.corporate.tests.ContactPageTest" name="testContactUsPage" time="10.667">
    <failure type="com.microsoft.playwright.PlaywrightException" message="Error {
  message=&amp;apos;Error: Element is not a &amp;lt;select&amp;gt; element
=========================== logs ===========================
waiting for locator(&amp;quot;input[name=&amp;apos;your-tel&amp;apos;]&amp;quot;)
  locator resolved to &amp;lt;input value=&amp;quot;&amp;quot; size=&amp;quot;40&amp;quot; type=&amp;quot;text&amp;quot; name=&amp;quot;your-tel&amp;quot; a…/&amp;gt;
  selecting specified option(s)
  Element is not a &amp;lt;select&amp;gt; element
============================================================
  name=&amp;apos;Error
  stack=&amp;apos;Error: Error: Element is not a &amp;lt;select&amp;gt; element
=========================== logs ===========================
waiting for locator(&amp;quot;input[name=&amp;apos;your-tel&amp;apos;]&amp;quot;)
  locator resolved to &amp;lt;input value=&amp;quot;&amp;quot; size=&amp;quot;40&amp;quot; type=&amp;quot;text&amp;quot; name=&amp;quot;your-tel&amp;quot; a…/&amp;gt;
  selecting specified option(s)
  Element is not a &amp;lt;select&amp;gt; element
============================================================
    at CRExecutionContext.evaluateWithArguments (C:\Users\Sgupta\AppData\Local\Temp\playwright-java-3038636973997492784\package\lib\server\chromium\crExecutionContext.js:92:33)
    at async ScopedRace._race (C:\Users\Sgupta\AppData\Local\Temp\playwright-java-3038636973997492784\package\lib\utils\manualPromise.js:84:14)
    at async evaluateExpression (C:\Users\Sgupta\AppData\Local\Temp\playwright-java-3038636973997492784\package\lib\server\javascript.js:241:12)
    at async InjectedScriptPollHandler.finish (C:\Users\Sgupta\AppData\Local\Temp\playwright-java-3038636973997492784\package\lib\server\dom.js:790:22)
    at async ElementHandle.evaluatePoll (C:\Users\Sgupta\AppData\Local\Temp\playwright-java-3038636973997492784\package\lib\server\dom.js:144:14)
    at async C:\Users\Sgupta\AppData\Local\Temp\playwright-java-3038636973997492784\package\lib\server\dom.js:461:22
    at async FrameManager.waitForSignalsCreatedBy (C:\Users\Sgupta\AppData\Local\Temp\playwright-java-3038636973997492784\package\lib\server\frames.js:116:20)
    at async C:\Users\Sgupta\AppData\Local\Temp\playwright-java-3038636973997492784\package\lib\server\frames.js:984:24
    at async Frame.retryWithProgressAndTimeouts (C:\Users\Sgupta\AppData\Local\Temp\playwright-java-3038636973997492784\package\lib\server\frames.js:920:24)
    at async C:\Users\Sgupta\AppData\Local\Temp\playwright-java-3038636973997492784\package\lib\server\frames.js:1161:14
}">
      <![CDATA[com.microsoft.playwright.PlaywrightException: Error {
  message='Error: Element is not a <select> element
=========================== logs ===========================
waiting for locator("input[name='your-tel']")
  locator resolved to <input value="" size="40" type="text" name="your-tel" a…/>
  selecting specified option(s)
  Element is not a <select> element
============================================================
  name='Error
  stack='Error: Error: Element is not a <select> element
=========================== logs ===========================
waiting for locator("input[name='your-tel']")
  locator resolved to <input value="" size="40" type="text" name="your-tel" a…/>
  selecting specified option(s)
  Element is not a <select> element
============================================================
    at CRExecutionContext.evaluateWithArguments (C:\Users\Sgupta\AppData\Local\Temp\playwright-java-3038636973997492784\package\lib\server\chromium\crExecutionContext.js:92:33)
    at async ScopedRace._race (C:\Users\Sgupta\AppData\Local\Temp\playwright-java-3038636973997492784\package\lib\utils\manualPromise.js:84:14)
    at async evaluateExpression (C:\Users\Sgupta\AppData\Local\Temp\playwright-java-3038636973997492784\package\lib\server\javascript.js:241:12)
    at async InjectedScriptPollHandler.finish (C:\Users\Sgupta\AppData\Local\Temp\playwright-java-3038636973997492784\package\lib\server\dom.js:790:22)
    at async ElementHandle.evaluatePoll (C:\Users\Sgupta\AppData\Local\Temp\playwright-java-3038636973997492784\package\lib\server\dom.js:144:14)
    at async C:\Users\Sgupta\AppData\Local\Temp\playwright-java-3038636973997492784\package\lib\server\dom.js:461:22
    at async FrameManager.waitForSignalsCreatedBy (C:\Users\Sgupta\AppData\Local\Temp\playwright-java-3038636973997492784\package\lib\server\frames.js:116:20)
    at async C:\Users\Sgupta\AppData\Local\Temp\playwright-java-3038636973997492784\package\lib\server\frames.js:984:24
    at async Frame.retryWithProgressAndTimeouts (C:\Users\Sgupta\AppData\Local\Temp\playwright-java-3038636973997492784\package\lib\server\frames.js:920:24)
    at async C:\Users\Sgupta\AppData\Local\Temp\playwright-java-3038636973997492784\package\lib\server\frames.js:1161:14
}
at com.microsoft.playwright.impl.WaitableResult.get(WaitableResult.java:54)
at com.microsoft.playwright.impl.ChannelOwner.runUntil(ChannelOwner.java:111)
at com.microsoft.playwright.impl.Connection.sendMessage(Connection.java:126)
at com.microsoft.playwright.impl.ChannelOwner.sendMessage(ChannelOwner.java:102)
at com.microsoft.playwright.impl.FrameImpl.selectOption(FrameImpl.java:722)
at com.microsoft.playwright.impl.FrameImpl.selectOptionImpl(FrameImpl.java:701)
at com.microsoft.playwright.impl.PageImpl.lambda$selectOption$66(PageImpl.java:1056)
at com.microsoft.playwright.impl.LoggingSupport.withLogging(LoggingSupport.java:47)
at com.microsoft.playwright.impl.ChannelOwner.withLogging(ChannelOwner.java:87)
at com.microsoft.playwright.impl.PageImpl.selectOption(PageImpl.java:1055)
at com.microsoft.playwright.impl.PageImpl.selectOption(PageImpl.java:1044)
at com.microsoft.playwright.Page.selectOption(Page.java:6275)
at com.pramac.corporate.pages.ContactUs.submitCustomerDetails(ContactUs.java:54)
at com.qa.corporate.tests.ContactPageTest.testContactUsPage(ContactPageTest.java:67)
at java.base/jdk.internal.reflect.DirectMethodHandleAccessor.invoke(DirectMethodHandleAccessor.java:104)
at java.base/java.lang.reflect.Method.invoke(Method.java:578)
at org.testng.internal.invokers.MethodInvocationHelper.invokeMethod(MethodInvocationHelper.java:139)
at org.testng.internal.invokers.TestInvoker.invokeMethod(TestInvoker.java:664)
at org.testng.internal.invokers.TestInvoker.invokeTestMethod(TestInvoker.java:227)
at org.testng.internal.invokers.MethodRunner.runInSequence(MethodRunner.java:50)
at org.testng.internal.invokers.TestInvoker$MethodInvocationAgent.invoke(TestInvoker.java:957)
at org.testng.internal.invokers.TestInvoker.invokeTestMethods(TestInvoker.java:200)
at org.testng.internal.invokers.TestMethodWorker.invokeTestMethods(TestMethodWorker.java:148)
at org.testng.internal.invokers.TestMethodWorker.run(TestMethodWorker.java:128)
at java.base/java.util.ArrayList.forEach(ArrayList.java:1511)
at org.testng.TestRunner.privateRun(TestRunner.java:848)
at org.testng.TestRunner.run(TestRunner.java:621)
at org.testng.SuiteRunner.runTest(SuiteRunner.java:443)
at org.testng.SuiteRunner.runSequentially(SuiteRunner.java:437)
at org.testng.SuiteRunner.privateRun(SuiteRunner.java:397)
at org.testng.SuiteRunner.run(SuiteRunner.java:336)
at org.testng.SuiteRunnerWorker.runSuite(SuiteRunnerWorker.java:52)
at org.testng.SuiteRunnerWorker.run(SuiteRunnerWorker.java:95)
at org.testng.TestNG.runSuitesSequentially(TestNG.java:1280)
at org.testng.TestNG.runSuitesLocally(TestNG.java:1200)
at org.testng.TestNG.runSuites(TestNG.java:1114)
at org.testng.TestNG.run(TestNG.java:1082)
at org.testng.remote.AbstractRemoteTestNG.run(AbstractRemoteTestNG.java:115)
at org.testng.remote.RemoteTestNG.initAndRun(RemoteTestNG.java:251)
at org.testng.remote.RemoteTestNG.main(RemoteTestNG.java:77)
Caused by: com.microsoft.playwright.impl.DriverException: Error {
  message='Error: Element is not a <select> element
=========================== logs ===========================
waiting for locator("input[name='your-tel']")
  locator resolved to <input value="" size="40" type="text" name="your-tel" a…/>
  selecting specified option(s)
  Element is not a <select> element
============================================================
  name='Error
  stack='Error: Error: Element is not a <select> element
=========================== logs ===========================
waiting for locator("input[name='your-tel']")
  locator resolved to <input value="" size="40" type="text" name="your-tel" a…/>
  selecting specified option(s)
  Element is not a <select> element
============================================================
    at CRExecutionContext.evaluateWithArguments (C:\Users\Sgupta\AppData\Local\Temp\playwright-java-3038636973997492784\package\lib\server\chromium\crExecutionContext.js:92:33)
    at async ScopedRace._race (C:\Users\Sgupta\AppData\Local\Temp\playwright-java-3038636973997492784\package\lib\utils\manualPromise.js:84:14)
    at async evaluateExpression (C:\Users\Sgupta\AppData\Local\Temp\playwright-java-3038636973997492784\package\lib\server\javascript.js:241:12)
    at async InjectedScriptPollHandler.finish (C:\Users\Sgupta\AppData\Local\Temp\playwright-java-3038636973997492784\package\lib\server\dom.js:790:22)
    at async ElementHandle.evaluatePoll (C:\Users\Sgupta\AppData\Local\Temp\playwright-java-3038636973997492784\package\lib\server\dom.js:144:14)
    at async C:\Users\Sgupta\AppData\Local\Temp\playwright-java-3038636973997492784\package\lib\server\dom.js:461:22
    at async FrameManager.waitForSignalsCreatedBy (C:\Users\Sgupta\AppData\Local\Temp\playwright-java-3038636973997492784\package\lib\server\frames.js:116:20)
    at async C:\Users\Sgupta\AppData\Local\Temp\playwright-java-3038636973997492784\package\lib\server\frames.js:984:24
    at async Frame.retryWithProgressAndTimeouts (C:\Users\Sgupta\AppData\Local\Temp\playwright-java-3038636973997492784\package\lib\server\frames.js:920:24)
    at async C:\Users\Sgupta\AppData\Local\Temp\playwright-java-3038636973997492784\package\lib\server\frames.js:1161:14
}
at com.microsoft.playwright.impl.Connection.dispatch(Connection.java:226)
at com.microsoft.playwright.impl.Connection.processOneMessage(Connection.java:206)
at com.microsoft.playwright.impl.ChannelOwner.runUntil(ChannelOwner.java:109)
... 38 more
]]>
    </failure>
  </testcase> <!-- testContactUsPage -->
</testsuite> <!-- Default test -->
