<!DOCTYPE html PUBLIC "-//W3C//DTD XHTML 1.1//EN" "https://www.w3.org/TR/xhtml11/DTD/xhtml11.dtd">
<html xmlns="https://www.w3.org/1999/xhtml">
<head>
<meta http-equiv="content-type" content="text/html; charset=UTF-8"/>
<title>TestNG Report</title>
<style type="text/css">table {margin-bottom:10px;border-collapse:collapse;empty-cells:show}th,td {border:1px solid #009;padding:.25em .5em}th {vertical-align:bottom}td {vertical-align:top}table a {font-weight:bold}.stripe td {background-color: #E6EBF9}.num {text-align:right}.passedodd td {background-color: #3F3}.passedeven td {background-color: #0A0}.skippedodd td {background-color: #DDD}.skippedeven td {background-color: #CCC}.failedodd td,.attn {background-color: #F33}.failedeven td,.stripe .attn {background-color: #D00}.stacktrace {white-space:pre;font-family:monospace}.totop {font-size:85%;text-align:center;border-bottom:2px solid #000}.invisible {display:none}</style>
</head>
<body>
<table>
<tr><th>Test</th><th># Passed</th><th># Skipped</th><th># Retried</th><th># Failed</th><th>Time (ms)</th><th>Included Groups</th><th>Excluded Groups</th></tr>
<tr><th colspan="8">Default suite</th></tr>
<tr><td><a href="#t0">Default test</a></td><td class="num">0</td><td class="num">0</td><td class="num">0</td><td class="num attn">1</td><td class="num">52,796</td><td></td><td></td></tr>
</table>
<table id='summary'><thead><tr><th>Class</th><th>Method</th><th>Start</th><th>Time (ms)</th></tr></thead><tbody><tr><th colspan="4">Default suite</th></tr></tbody><tbody id="t0"><tr><th colspan="4">Default test &#8212; failed</th></tr><tr class="failedeven"><td rowspan="1">com.qa.corporate.tests.ContactPageTest</td><td><a href="#m0">testContactUsPage</a></td><td rowspan="1">1692326427155</td><td rowspan="1">10667</td></tr></tbody>
</table>
<h2>Default test</h2><h3 id="m0">com.qa.corporate.tests.ContactPageTest#testContactUsPage</h3><table class="result"><tr><th>Exception</th></tr><tr><td><div class="stacktrace">com.microsoft.playwright.PlaywrightException: Error {
  message=&apos;Error: Element is not a &lt;select&gt; element
=========================== logs ===========================
waiting for locator(&quot;input[name=&apos;your-tel&apos;]&quot;)
  locator resolved to &lt;input value=&quot;&quot; size=&quot;40&quot; type=&quot;text&quot; name=&quot;your-tel&quot; a…/&gt;
  selecting specified option(s)
  Element is not a &lt;select&gt; element
============================================================
  name=&apos;Error
  stack=&apos;Error: Error: Element is not a &lt;select&gt; element
=========================== logs ===========================
waiting for locator(&quot;input[name=&apos;your-tel&apos;]&quot;)
  locator resolved to &lt;input value=&quot;&quot; size=&quot;40&quot; type=&quot;text&quot; name=&quot;your-tel&quot; a…/&gt;
  selecting specified option(s)
  Element is not a &lt;select&gt; element
============================================================
    at CRExecutionContext.evaluateWithArguments (C:\Users\Sgupta\AppData\Local\Temp\playwright-java-3038636973997492784\package\lib\server\chromium\crExecutionContext.js:92:33)
    at async ScopedRace._race (C:\Users\Sgupta\AppData\Local\Temp\playwright-java-3038636973997492784\package\lib\utils\manualPromise.js:84:14)
    at async evaluateExpression (C:\Users\Sgupta\AppData\Local\Temp\playwright-java-3038636973997492784\package\lib\server\javascript.js:241:12)
    at async InjectedScriptPollHandler.finish (C:\Users\Sgupta\AppData\Local\Temp\playwright-java-3038636973997492784\package\lib\server\dom.js:790:22)
    at async ElementHandle.evaluatePoll (C:\Users\Sgupta\AppData\Local\Temp\playwright-java-3038636973997492784\package\lib\server\dom.js:144:14)
    at async C:\Users\Sgupta\AppData\Local\Temp\playwright-java-3038636973997492784\package\lib\server\dom.js:461:22
    at async FrameManager.waitForSignalsCreatedBy (C:\Users\Sgupta\AppData\Local\Temp\playwright-java-3038636973997492784\package\lib\server\frames.js:116:20)
    at async C:\Users\Sgupta\AppData\Local\Temp\playwright-java-3038636973997492784\package\lib\server\frames.js:984:24
    at async Frame.retryWithProgressAndTimeouts (C:\Users\Sgupta\AppData\Local\Temp\playwright-java-3038636973997492784\package\lib\server\frames.js:920:24)
    at async C:\Users\Sgupta\AppData\Local\Temp\playwright-java-3038636973997492784\package\lib\server\frames.js:1161:14
}
	at com.microsoft.playwright.impl.WaitableResult.get(WaitableResult.java:54)
	at com.microsoft.playwright.impl.ChannelOwner.runUntil(ChannelOwner.java:111)
	at com.microsoft.playwright.impl.Connection.sendMessage(Connection.java:126)
	at com.microsoft.playwright.impl.ChannelOwner.sendMessage(ChannelOwner.java:102)
	at com.microsoft.playwright.impl.FrameImpl.selectOption(FrameImpl.java:722)
	at com.microsoft.playwright.impl.FrameImpl.selectOptionImpl(FrameImpl.java:701)
	at com.microsoft.playwright.impl.PageImpl.lambda$selectOption$66(PageImpl.java:1056)
	at com.microsoft.playwright.impl.LoggingSupport.withLogging(LoggingSupport.java:47)
	at com.microsoft.playwright.impl.ChannelOwner.withLogging(ChannelOwner.java:87)
	at com.microsoft.playwright.impl.PageImpl.selectOption(PageImpl.java:1055)
	at com.microsoft.playwright.impl.PageImpl.selectOption(PageImpl.java:1044)
	at com.microsoft.playwright.Page.selectOption(Page.java:6275)
	at com.pramac.corporate.pages.ContactUs.submitCustomerDetails(ContactUs.java:54)
	at com.qa.corporate.tests.ContactPageTest.testContactUsPage(ContactPageTest.java:67)
	at java.base/jdk.internal.reflect.DirectMethodHandleAccessor.invoke(DirectMethodHandleAccessor.java:104)
	at java.base/java.lang.reflect.Method.invoke(Method.java:578)
	at org.testng.internal.invokers.MethodInvocationHelper.invokeMethod(MethodInvocationHelper.java:139)
	at org.testng.internal.invokers.TestInvoker.invokeMethod(TestInvoker.java:664)
	at org.testng.internal.invokers.TestInvoker.invokeTestMethod(TestInvoker.java:227)
	at org.testng.internal.invokers.MethodRunner.runInSequence(MethodRunner.java:50)
	at org.testng.internal.invokers.TestInvoker$MethodInvocationAgent.invoke(TestInvoker.java:957)
	at org.testng.internal.invokers.TestInvoker.invokeTestMethods(TestInvoker.java:200)
	at org.testng.internal.invokers.TestMethodWorker.invokeTestMethods(TestMethodWorker.java:148)
	at org.testng.internal.invokers.TestMethodWorker.run(TestMethodWorker.java:128)
	at java.base/java.util.ArrayList.forEach(ArrayList.java:1511)
	at org.testng.TestRunner.privateRun(TestRunner.java:848)
	at org.testng.TestRunner.run(TestRunner.java:621)
	at org.testng.SuiteRunner.runTest(SuiteRunner.java:443)
	at org.testng.SuiteRunner.runSequentially(SuiteRunner.java:437)
	at org.testng.SuiteRunner.privateRun(SuiteRunner.java:397)
	at org.testng.SuiteRunner.run(SuiteRunner.java:336)
	at org.testng.SuiteRunnerWorker.runSuite(SuiteRunnerWorker.java:52)
	at org.testng.SuiteRunnerWorker.run(SuiteRunnerWorker.java:95)
	at org.testng.TestNG.runSuitesSequentially(TestNG.java:1280)
	at org.testng.TestNG.runSuitesLocally(TestNG.java:1200)
	at org.testng.TestNG.runSuites(TestNG.java:1114)
	at org.testng.TestNG.run(TestNG.java:1082)
	at org.testng.remote.AbstractRemoteTestNG.run(AbstractRemoteTestNG.java:115)
	at org.testng.remote.RemoteTestNG.initAndRun(RemoteTestNG.java:251)
	at org.testng.remote.RemoteTestNG.main(RemoteTestNG.java:77)
Caused by: com.microsoft.playwright.impl.DriverException: Error {
  message=&apos;Error: Element is not a &lt;select&gt; element
=========================== logs ===========================
waiting for locator(&quot;input[name=&apos;your-tel&apos;]&quot;)
  locator resolved to &lt;input value=&quot;&quot; size=&quot;40&quot; type=&quot;text&quot; name=&quot;your-tel&quot; a…/&gt;
  selecting specified option(s)
  Element is not a &lt;select&gt; element
============================================================
  name=&apos;Error
  stack=&apos;Error: Error: Element is not a &lt;select&gt; element
=========================== logs ===========================
waiting for locator(&quot;input[name=&apos;your-tel&apos;]&quot;)
  locator resolved to &lt;input value=&quot;&quot; size=&quot;40&quot; type=&quot;text&quot; name=&quot;your-tel&quot; a…/&gt;
  selecting specified option(s)
  Element is not a &lt;select&gt; element
============================================================
    at CRExecutionContext.evaluateWithArguments (C:\Users\Sgupta\AppData\Local\Temp\playwright-java-3038636973997492784\package\lib\server\chromium\crExecutionContext.js:92:33)
    at async ScopedRace._race (C:\Users\Sgupta\AppData\Local\Temp\playwright-java-3038636973997492784\package\lib\utils\manualPromise.js:84:14)
    at async evaluateExpression (C:\Users\Sgupta\AppData\Local\Temp\playwright-java-3038636973997492784\package\lib\server\javascript.js:241:12)
    at async InjectedScriptPollHandler.finish (C:\Users\Sgupta\AppData\Local\Temp\playwright-java-3038636973997492784\package\lib\server\dom.js:790:22)
    at async ElementHandle.evaluatePoll (C:\Users\Sgupta\AppData\Local\Temp\playwright-java-3038636973997492784\package\lib\server\dom.js:144:14)
    at async C:\Users\Sgupta\AppData\Local\Temp\playwright-java-3038636973997492784\package\lib\server\dom.js:461:22
    at async FrameManager.waitForSignalsCreatedBy (C:\Users\Sgupta\AppData\Local\Temp\playwright-java-3038636973997492784\package\lib\server\frames.js:116:20)
    at async C:\Users\Sgupta\AppData\Local\Temp\playwright-java-3038636973997492784\package\lib\server\frames.js:984:24
    at async Frame.retryWithProgressAndTimeouts (C:\Users\Sgupta\AppData\Local\Temp\playwright-java-3038636973997492784\package\lib\server\frames.js:920:24)
    at async C:\Users\Sgupta\AppData\Local\Temp\playwright-java-3038636973997492784\package\lib\server\frames.js:1161:14
}
	at com.microsoft.playwright.impl.Connection.dispatch(Connection.java:226)
	at com.microsoft.playwright.impl.Connection.processOneMessage(Connection.java:206)
	at com.microsoft.playwright.impl.ChannelOwner.runUntil(ChannelOwner.java:109)
	... 38 more
</div></td></tr></table><p class="totop"><a href="#summary">back to summary</a></p>
</body>
</html>
